mode: atomic
money-manager/internal/budget/handler.go:17.40,19.2 1 13
money-manager/internal/budget/handler.go:21.64,27.16 5 2
money-manager/internal/budget/handler.go:27.16,30.3 2 1
money-manager/internal/budget/handler.go:32.2,32.42 1 1
money-manager/internal/budget/handler.go:35.66,39.61 3 5
money-manager/internal/budget/handler.go:39.61,42.3 2 1
money-manager/internal/budget/handler.go:44.2,45.16 2 4
money-manager/internal/budget/handler.go:45.16,46.92 1 3
money-manager/internal/budget/handler.go:46.92,49.4 2 2
money-manager/internal/budget/handler.go:50.3,51.9 2 1
money-manager/internal/budget/handler.go:54.2,54.41 1 1
money-manager/internal/budget/handler.go:57.66,62.61 4 4
money-manager/internal/budget/handler.go:62.61,65.3 2 1
money-manager/internal/budget/handler.go:67.2,68.16 2 3
money-manager/internal/budget/handler.go:68.16,69.49 1 2
money-manager/internal/budget/handler.go:69.49,72.4 2 1
money-manager/internal/budget/handler.go:73.3,74.9 2 1
money-manager/internal/budget/handler.go:77.2,77.36 1 1
money-manager/internal/budget/handler.go:80.66,84.62 3 2
money-manager/internal/budget/handler.go:84.62,87.3 2 1
money-manager/internal/budget/handler.go:89.2,89.54 1 1
money-manager/internal/budget/model.go:36.39,37.9 1 4
money-manager/internal/budget/model.go:38.17,39.20 1 1
money-manager/internal/budget/model.go:40.16,41.18 1 1
money-manager/internal/budget/model.go:42.16,43.19 1 1
money-manager/internal/budget/model.go:44.10,45.16 1 1
money-manager/internal/budget/repository.go:17.50,19.2 1 0
money-manager/internal/budget/repository.go:21.99,41.16 3 0
money-manager/internal/budget/repository.go:41.16,43.3 1 0
money-manager/internal/budget/repository.go:44.2,47.18 3 0
money-manager/internal/budget/repository.go:47.18,54.17 3 0
money-manager/internal/budget/repository.go:54.17,56.4 1 0
money-manager/internal/budget/repository.go:57.3,58.19 2 0
money-manager/internal/budget/repository.go:58.19,60.4 1 0
money-manager/internal/budget/repository.go:61.3,62.31 2 0
money-manager/internal/budget/repository.go:64.2,64.28 1 0
money-manager/internal/budget/repository.go:67.87,74.35 4 0
money-manager/internal/budget/repository.go:74.35,76.3 1 0
money-manager/internal/budget/repository.go:77.2,77.15 1 0
money-manager/internal/budget/repository.go:80.67,86.2 2 0
money-manager/internal/budget/repository.go:88.102,96.35 4 0
money-manager/internal/budget/repository.go:96.35,98.3 1 0
money-manager/internal/budget/repository.go:99.2,99.15 1 0
money-manager/internal/budget/repository.go:102.75,104.16 2 0
money-manager/internal/budget/repository.go:104.16,106.3 1 0
money-manager/internal/budget/repository.go:107.2,107.29 1 0
money-manager/internal/budget/repository.go:107.29,109.3 1 0
money-manager/internal/budget/repository.go:110.2,110.12 1 0
money-manager/internal/budget/service.go:21.49,23.2 1 28
money-manager/internal/budget/service.go:25.96,26.16 1 4
money-manager/internal/budget/service.go:26.16,28.3 1 2
money-manager/internal/budget/service.go:29.2,29.15 1 4
money-manager/internal/budget/service.go:29.15,31.3 1 2
money-manager/internal/budget/service.go:32.2,32.46 1 4
money-manager/internal/budget/service.go:35.99,36.26 1 12
money-manager/internal/budget/service.go:36.26,38.3 1 2
money-manager/internal/budget/service.go:39.2,39.21 1 10
money-manager/internal/budget/service.go:39.21,41.3 1 2
money-manager/internal/budget/service.go:42.2,42.37 1 8
money-manager/internal/budget/service.go:42.37,44.3 1 2
money-manager/internal/budget/service.go:45.2,45.21 1 6
money-manager/internal/budget/service.go:45.21,47.3 1 1
money-manager/internal/budget/service.go:49.2,57.46 2 5
money-manager/internal/budget/service.go:57.46,59.3 1 3
money-manager/internal/budget/service.go:60.2,60.15 1 2
money-manager/internal/budget/service.go:63.103,64.21 1 7
money-manager/internal/budget/service.go:64.21,66.3 1 2
money-manager/internal/budget/service.go:68.2,69.16 2 5
money-manager/internal/budget/service.go:69.16,71.3 1 1
money-manager/internal/budget/service.go:72.2,72.14 1 4
money-manager/internal/budget/service.go:72.14,74.3 1 2
money-manager/internal/budget/service.go:75.2,75.15 1 2
money-manager/internal/budget/service.go:78.72,80.2 1 3
money-manager/internal/category/handler.go:16.40,18.2 1 13
money-manager/internal/category/handler.go:20.64,25.16 4 2
money-manager/internal/category/handler.go:25.16,28.3 2 1
money-manager/internal/category/handler.go:30.2,30.39 1 1
money-manager/internal/category/handler.go:33.66,37.61 3 4
money-manager/internal/category/handler.go:37.61,40.3 2 1
money-manager/internal/category/handler.go:42.2,43.16 2 3
money-manager/internal/category/handler.go:43.16,44.54 1 2
money-manager/internal/category/handler.go:44.54,47.4 2 1
money-manager/internal/category/handler.go:48.3,49.9 2 1
money-manager/internal/category/handler.go:52.2,52.43 1 1
money-manager/internal/category/handler.go:55.66,60.61 4 4
money-manager/internal/category/handler.go:60.61,63.3 2 1
money-manager/internal/category/handler.go:65.2,66.16 2 3
money-manager/internal/category/handler.go:66.16,67.49 1 2
money-manager/internal/category/handler.go:67.49,70.4 2 1
money-manager/internal/category/handler.go:71.3,72.9 2 1
money-manager/internal/category/handler.go:75.2,75.38 1 1
money-manager/internal/category/handler.go:78.66,82.62 3 3
money-manager/internal/category/handler.go:82.62,83.52 1 2
money-manager/internal/category/handler.go:83.52,86.4 2 1
money-manager/internal/category/handler.go:87.3,88.9 2 1
money-manager/internal/category/handler.go:91.2,91.56 1 1
money-manager/internal/category/repository.go:15.50,17.2 1 0
money-manager/internal/category/repository.go:19.98,25.24 3 0
money-manager/internal/category/repository.go:25.24,28.3 2 0
money-manager/internal/category/repository.go:29.2,32.16 3 0
money-manager/internal/category/repository.go:32.16,34.3 1 0
money-manager/internal/category/repository.go:35.2,38.18 3 0
money-manager/internal/category/repository.go:38.18,40.118 2 0
money-manager/internal/category/repository.go:40.118,42.4 1 0
money-manager/internal/category/repository.go:43.3,43.25 1 0
money-manager/internal/category/repository.go:45.2,45.25 1 0
money-manager/internal/category/repository.go:48.89,55.35 4 0
money-manager/internal/category/repository.go:55.35,57.3 1 0
money-manager/internal/category/repository.go:58.2,58.15 1 0
money-manager/internal/category/repository.go:61.69,67.2 2 0
money-manager/internal/category/repository.go:69.107,77.35 4 0
money-manager/internal/category/repository.go:77.35,79.3 1 0
money-manager/internal/category/repository.go:80.2,80.15 1 0
money-manager/internal/category/repository.go:83.75,86.15 3 0
money-manager/internal/category/repository.go:86.15,88.3 1 0
money-manager/internal/category/repository.go:90.2,92.16 2 0
money-manager/internal/category/repository.go:92.16,94.3 1 0
money-manager/internal/category/repository.go:95.2,95.29 1 0
money-manager/internal/category/repository.go:95.29,97.3 1 0
money-manager/internal/category/repository.go:98.2,98.12 1 0
money-manager/internal/category/repository.go:101.96,106.2 4 0
money-manager/internal/category/service.go:22.51,24.2 1 28
money-manager/internal/category/service.go:26.95,28.2 1 3
money-manager/internal/category/service.go:30.101,32.20 2 11
money-manager/internal/category/service.go:32.20,34.3 1 2
money-manager/internal/category/service.go:35.2,35.51 1 9
money-manager/internal/category/service.go:35.51,37.3 1 1
money-manager/internal/category/service.go:38.2,38.20 1 8
money-manager/internal/category/service.go:38.20,40.3 1 8
money-manager/internal/category/service.go:41.2,41.21 1 8
money-manager/internal/category/service.go:41.21,43.3 1 8
money-manager/internal/category/service.go:45.2,46.16 2 8
money-manager/internal/category/service.go:46.16,48.3 1 1
money-manager/internal/category/service.go:49.2,49.12 1 7
money-manager/internal/category/service.go:49.12,51.3 1 2
money-manager/internal/category/service.go:53.2,61.46 2 5
money-manager/internal/category/service.go:61.46,63.3 1 1
money-manager/internal/category/service.go:64.2,64.15 1 4
money-manager/internal/category/service.go:67.105,69.20 2 7
money-manager/internal/category/service.go:69.20,71.3 1 2
money-manager/internal/category/service.go:73.2,74.16 2 5
money-manager/internal/category/service.go:74.16,76.3 1 1
money-manager/internal/category/service.go:77.2,77.14 1 4
money-manager/internal/category/service.go:77.14,79.3 1 2
money-manager/internal/category/service.go:80.2,80.15 1 2
money-manager/internal/category/service.go:83.72,84.55 1 5
money-manager/internal/category/service.go:84.55,86.3 1 3
money-manager/internal/category/service.go:87.2,87.12 1 2
money-manager/internal/config/config.go:25.30,40.25 3 5
money-manager/internal/config/config.go:40.25,42.3 1 1
money-manager/internal/config/config.go:44.2,46.16 3 4
money-manager/internal/config/config.go:46.16,48.3 1 1
money-manager/internal/config/config.go:50.2,51.16 2 3
money-manager/internal/config/config.go:51.16,53.3 1 1
money-manager/internal/config/config.go:55.2,55.17 1 2
money-manager/internal/config/config.go:58.31,63.2 1 1
money-manager/internal/config/config.go:65.46,66.34 1 52
money-manager/internal/config/config.go:66.34,68.3 1 9
money-manager/internal/config/config.go:69.2,69.21 1 43
money-manager/internal/middleware/auth.go:16.61,17.46 1 5
money-manager/internal/middleware/auth.go:17.46,18.72 1 5
money-manager/internal/middleware/auth.go:18.72,20.45 2 5
money-manager/internal/middleware/auth.go:20.45,23.5 2 2
money-manager/internal/middleware/auth.go:25.4,27.18 3 3
money-manager/internal/middleware/auth.go:27.18,30.5 2 1
money-manager/internal/middleware/auth.go:32.4,32.51 1 2
money-manager/internal/middleware/auth.go:32.51,35.5 2 1
money-manager/internal/middleware/auth.go:37.4,38.41 2 1
money-manager/internal/middleware/auth.go:43.40,46.2 2 3
money-manager/internal/middleware/cors.go:5.43,6.71 1 3
money-manager/internal/middleware/cors.go:6.71,11.37 4 3
money-manager/internal/middleware/cors.go:11.37,14.4 2 1
money-manager/internal/middleware/cors.go:15.3,15.23 1 2
money-manager/internal/account/handler.go:16.40,18.2 1 19
money-manager/internal/account/handler.go:20.64,23.16 3 2
money-manager/internal/account/handler.go:23.16,26.3 2 1
money-manager/internal/account/handler.go:27.2,27.43 1 1
money-manager/internal/account/handler.go:30.67,35.16 4 3
money-manager/internal/account/handler.go:35.16,36.49 1 2
money-manager/internal/account/handler.go:36.49,39.4 2 1
money-manager/internal/account/handler.go:40.3,41.9 2 1
money-manager/internal/account/handler.go:43.2,43.36 1 1
money-manager/internal/account/handler.go:46.66,50.61 3 3
money-manager/internal/account/handler.go:50.61,53.3 2 1
money-manager/internal/account/handler.go:55.2,56.16 2 2
money-manager/internal/account/handler.go:56.16,59.3 2 1
money-manager/internal/account/handler.go:60.2,60.41 1 1
money-manager/internal/account/handler.go:63.66,68.61 4 4
money-manager/internal/account/handler.go:68.61,71.3 2 1
money-manager/internal/account/handler.go:73.2,74.16 2 3
money-manager/internal/account/handler.go:74.16,75.49 1 2
money-manager/internal/account/handler.go:75.49,78.4 2 1
money-manager/internal/account/handler.go:79.3,80.9 2 1
money-manager/internal/account/handler.go:82.2,82.36 1 1
money-manager/internal/account/handler.go:85.70,92.62 4 5
money-manager/internal/account/handler.go:92.62,95.3 2 1
money-manager/internal/account/handler.go:96.2,96.22 1 4
money-manager/internal/account/handler.go:96.22,99.3 2 1
money-manager/internal/account/handler.go:101.2,101.80 1 3
money-manager/internal/account/handler.go:101.80,102.49 1 2
money-manager/internal/account/handler.go:102.49,105.4 2 1
money-manager/internal/account/handler.go:106.3,107.9 2 1
money-manager/internal/account/handler.go:109.2,109.65 1 1
money-manager/internal/account/handler.go:112.66,116.62 3 2
money-manager/internal/account/handler.go:116.62,119.3 2 1
money-manager/internal/account/handler.go:120.2,120.55 1 1
money-manager/internal/account/repository.go:15.50,17.2 1 0
money-manager/internal/account/repository.go:19.83,26.16 3 0
money-manager/internal/account/repository.go:26.16,28.3 1 0
money-manager/internal/account/repository.go:29.2,32.18 3 0
money-manager/internal/account/repository.go:32.18,37.17 2 0
money-manager/internal/account/repository.go:37.17,39.4 1 0
money-manager/internal/account/repository.go:40.3,40.33 1 0
money-manager/internal/account/repository.go:42.2,42.29 1 0
money-manager/internal/account/repository.go:45.88,54.35 4 0
money-manager/internal/account/repository.go:54.35,56.3 1 0
money-manager/internal/account/repository.go:57.2,57.15 1 0
money-manager/internal/account/repository.go:60.68,67.2 2 0
money-manager/internal/account/repository.go:69.107,79.35 4 0
money-manager/internal/account/repository.go:79.35,81.3 1 0
money-manager/internal/account/repository.go:82.2,82.15 1 0
money-manager/internal/account/repository.go:86.96,90.16 2 0
money-manager/internal/account/repository.go:90.16,92.3 1 0
money-manager/internal/account/repository.go:93.2,93.29 1 0
money-manager/internal/account/repository.go:93.29,95.3 1 0
money-manager/internal/account/repository.go:96.2,96.12 1 0
money-manager/internal/account/repository.go:100.89,105.2 2 0
money-manager/internal/account/repository.go:107.75,112.16 2 0
money-manager/internal/account/repository.go:112.16,114.3 1 0
money-manager/internal/account/repository.go:115.2,115.29 1 0
money-manager/internal/account/repository.go:115.29,117.3 1 0
money-manager/internal/account/repository.go:118.2,118.12 1 0
money-manager/internal/account/repository.go:121.88,127.2 3 0
money-manager/internal/account/service.go:23.50,25.2 1 41
money-manager/internal/account/service.go:27.80,29.2 1 3
money-manager/internal/account/service.go:31.85,33.16 2 6
money-manager/internal/account/service.go:33.16,35.3 1 2
money-manager/internal/account/service.go:36.2,36.14 1 4
money-manager/internal/account/service.go:36.14,38.3 1 2
money-manager/internal/account/service.go:39.2,39.15 1 2
money-manager/internal/account/service.go:42.100,44.20 2 13
money-manager/internal/account/service.go:44.20,46.3 1 2
money-manager/internal/account/service.go:48.2,49.27 2 11
money-manager/internal/account/service.go:49.27,51.3 1 2
money-manager/internal/account/service.go:53.2,54.20 2 11
money-manager/internal/account/service.go:54.20,55.9 1 10
money-manager/internal/account/service.go:55.9,57.4 1 10
money-manager/internal/account/service.go:57.9,59.4 1 0
money-manager/internal/account/service.go:61.2,61.21 1 11
money-manager/internal/account/service.go:61.21,62.9 1 10
money-manager/internal/account/service.go:62.9,64.4 1 10
money-manager/internal/account/service.go:64.9,66.4 1 0
money-manager/internal/account/service.go:69.2,79.46 2 11
money-manager/internal/account/service.go:79.46,81.3 1 1
money-manager/internal/account/service.go:82.2,82.15 1 10
money-manager/internal/account/service.go:85.104,87.20 2 7
money-manager/internal/account/service.go:87.20,89.3 1 2
money-manager/internal/account/service.go:91.2,92.16 2 5
money-manager/internal/account/service.go:92.16,94.3 1 1
money-manager/internal/account/service.go:95.2,95.14 1 4
money-manager/internal/account/service.go:95.14,97.3 1 2
money-manager/internal/account/service.go:98.2,98.15 1 2
money-manager/internal/account/service.go:101.93,103.2 1 4
money-manager/internal/account/service.go:105.72,107.2 1 3
money-manager/internal/account/service.go:109.85,111.2 1 1
money-manager/internal/report/handler.go:15.40,17.2 1 10
money-manager/internal/report/handler.go:19.69,25.16 5 2
money-manager/internal/report/handler.go:25.16,28.3 2 1
money-manager/internal/report/handler.go:30.2,30.39 1 1
money-manager/internal/report/handler.go:33.67,39.16 5 2
money-manager/internal/report/handler.go:39.16,42.3 2 1
money-manager/internal/report/handler.go:44.2,44.39 1 1
money-manager/internal/report/handler.go:47.72,51.16 3 2
money-manager/internal/report/handler.go:51.16,54.3 2 1
money-manager/internal/report/handler.go:56.2,56.39 1 1
money-manager/internal/report/handler.go:59.77,66.16 6 2
money-manager/internal/report/handler.go:66.16,69.3 2 1
money-manager/internal/report/handler.go:71.2,71.39 1 1
money-manager/internal/report/handler.go:74.68,80.16 5 2
money-manager/internal/report/handler.go:80.16,83.3 2 1
money-manager/internal/report/handler.go:85.2,85.39 1 1
money-manager/internal/report/repository.go:14.50,16.2 1 0
money-manager/internal/report/repository.go:18.115,31.16 4 0
money-manager/internal/report/repository.go:31.16,33.3 1 0
money-manager/internal/report/repository.go:35.2,38.21 3 0
money-manager/internal/report/repository.go:38.21,40.3 1 0
money-manager/internal/report/repository.go:42.2,42.15 1 0
money-manager/internal/report/repository.go:45.96,58.16 3 0
money-manager/internal/report/repository.go:58.16,60.3 1 0
money-manager/internal/report/repository.go:61.2,64.18 3 0
money-manager/internal/report/repository.go:64.18,66.68 2 0
money-manager/internal/report/repository.go:66.68,68.4 1 0
money-manager/internal/report/repository.go:69.3,69.29 1 0
money-manager/internal/report/repository.go:71.2,71.27 1 0
money-manager/internal/report/repository.go:74.138,90.16 3 0
money-manager/internal/report/repository.go:90.16,92.3 1 0
money-manager/internal/report/repository.go:93.2,96.18 3 0
money-manager/internal/report/repository.go:96.18,100.17 3 0
money-manager/internal/report/repository.go:100.17,102.4 1 0
money-manager/internal/report/repository.go:103.3,103.35 1 0
money-manager/internal/report/repository.go:105.2,105.30 1 0
money-manager/internal/report/repository.go:108.103,125.16 4 0
money-manager/internal/report/repository.go:125.16,127.3 1 0
money-manager/internal/report/repository.go:130.2,139.16 3 0
money-manager/internal/report/repository.go:139.16,141.3 1 0
money-manager/internal/report/repository.go:144.2,146.20 3 0
money-manager/internal/report/repository.go:146.20,148.3 1 0
money-manager/internal/report/repository.go:150.2,163.21 4 0
money-manager/internal/report/repository.go:163.21,165.3 1 0
money-manager/internal/report/repository.go:166.2,166.20 1 0
money-manager/internal/report/repository.go:166.20,168.3 1 0
money-manager/internal/report/repository.go:169.2,169.30 1 0
money-manager/internal/report/repository.go:169.30,171.3 1 0
money-manager/internal/report/repository.go:171.8,171.38 1 0
money-manager/internal/report/repository.go:171.38,173.3 1 0
money-manager/internal/report/repository.go:173.8,175.3 1 0
money-manager/internal/report/repository.go:176.2,187.16 3 0
money-manager/internal/report/repository.go:187.16,189.19 2 0
money-manager/internal/report/repository.go:189.19,193.4 3 0
money-manager/internal/report/repository.go:197.2,197.20 1 0
money-manager/internal/report/repository.go:197.20,199.3 1 0
money-manager/internal/report/repository.go:201.2,201.17 1 0
money-manager/internal/report/repository.go:204.109,226.16 5 0
money-manager/internal/report/repository.go:226.16,228.19 2 0
money-manager/internal/report/repository.go:228.19,233.4 3 0
money-manager/internal/report/repository.go:237.2,245.16 2 0
money-manager/internal/report/repository.go:245.16,247.24 2 0
money-manager/internal/report/repository.go:247.24,250.26 3 0
money-manager/internal/report/repository.go:250.26,252.5 1 0
money-manager/internal/report/repository.go:253.4,253.46 1 0
money-manager/internal/report/repository.go:258.2,268.16 2 0
money-manager/internal/report/repository.go:268.16,270.22 2 0
money-manager/internal/report/repository.go:270.22,274.4 3 0
money-manager/internal/report/repository.go:277.2,277.15 1 0
money-manager/internal/report/service.go:21.49,23.2 1 20
money-manager/internal/report/service.go:25.105,28.2 2 4
money-manager/internal/report/service.go:30.93,32.2 1 4
money-manager/internal/report/service.go:34.135,35.47 1 5
money-manager/internal/report/service.go:35.47,37.3 1 2
money-manager/internal/report/service.go:38.2,39.67 2 3
money-manager/internal/report/service.go:42.100,45.2 2 3
money-manager/internal/report/service.go:47.106,50.2 2 4
money-manager/internal/report/service.go:52.53,54.16 2 17
money-manager/internal/report/service.go:54.16,56.3 1 6
money-manager/internal/report/service.go:57.2,57.15 1 17
money-manager/internal/report/service.go:57.15,59.3 1 5
money-manager/internal/report/service.go:60.2,60.20 1 17
money-manager/pkg/jwt/jwt.go:22.95,24.16 2 6
money-manager/pkg/jwt/jwt.go:24.16,26.3 1 0
money-manager/pkg/jwt/jwt.go:28.2,29.16 2 6
money-manager/pkg/jwt/jwt.go:29.16,31.3 1 0
money-manager/pkg/jwt/jwt.go:33.2,33.78 1 6
money-manager/pkg/jwt/jwt.go:36.87,47.2 2 12
money-manager/pkg/jwt/jwt.go:49.57,50.97 1 8
money-manager/pkg/jwt/jwt.go:50.97,51.54 1 6
money-manager/pkg/jwt/jwt.go:51.54,53.4 1 1
money-manager/pkg/jwt/jwt.go:54.3,54.29 1 5
money-manager/pkg/jwt/jwt.go:56.2,56.16 1 8
money-manager/pkg/jwt/jwt.go:56.16,58.3 1 5
money-manager/pkg/jwt/jwt.go:60.2,61.25 2 3
money-manager/pkg/jwt/jwt.go:61.25,63.3 1 0
money-manager/pkg/jwt/jwt.go:64.2,64.20 1 3
money-manager/pkg/jwt/jwt.go:67.37,70.2 2 5
money-manager/pkg/response/response.go:20.64,24.2 3 2
money-manager/pkg/response/response.go:26.65,30.2 3 1
money-manager/pkg/response/response.go:32.72,36.2 3 2
money-manager/cmd/server/main.go:18.13,20.16 2 0
money-manager/cmd/server/main.go:20.16,22.3 1 0
money-manager/cmd/server/main.go:24.2,25.16 2 0
money-manager/cmd/server/main.go:25.16,27.3 1 0
money-manager/cmd/server/main.go:28.2,110.59 55 0
money-manager/cmd/server/main.go:110.59,112.3 1 0
money-manager/internal/transaction/handler.go:20.40,22.2 1 17
money-manager/internal/transaction/handler.go:24.64,44.16 7 2
money-manager/internal/transaction/handler.go:44.16,47.3 2 1
money-manager/internal/transaction/handler.go:49.2,49.41 1 1
money-manager/internal/transaction/handler.go:52.67,57.16 4 3
money-manager/internal/transaction/handler.go:57.16,58.49 1 2
money-manager/internal/transaction/handler.go:58.49,61.4 2 1
money-manager/internal/transaction/handler.go:62.3,63.9 2 1
money-manager/internal/transaction/handler.go:66.2,66.36 1 1
money-manager/internal/transaction/handler.go:69.66,73.61 3 3
money-manager/internal/transaction/handler.go:73.61,76.3 2 1
money-manager/internal/transaction/handler.go:78.2,79.16 2 2
money-manager/internal/transaction/handler.go:79.16,82.3 2 1
money-manager/internal/transaction/handler.go:84.2,84.41 1 1
money-manager/internal/transaction/handler.go:87.66,92.61 4 4
money-manager/internal/transaction/handler.go:92.61,95.3 2 1
money-manager/internal/transaction/handler.go:97.2,98.16 2 3
money-manager/internal/transaction/handler.go:98.16,99.49 1 2
money-manager/internal/transaction/handler.go:99.49,102.4 2 1
money-manager/internal/transaction/handler.go:103.3,104.9 2 1
money-manager/internal/transaction/handler.go:107.2,107.36 1 1
money-manager/internal/transaction/handler.go:110.66,114.62 3 2
money-manager/internal/transaction/handler.go:114.62,117.3 2 1
money-manager/internal/transaction/handler.go:119.2,119.59 1 1
money-manager/internal/transaction/handler.go:122.66,127.16 4 3
money-manager/internal/transaction/handler.go:127.16,130.3 2 1
money-manager/internal/transaction/handler.go:132.2,138.24 6 2
money-manager/internal/transaction/handler.go:138.24,140.23 2 2
money-manager/internal/transaction/handler.go:140.23,142.4 1 1
money-manager/internal/transaction/handler.go:143.3,143.113 1 2
money-manager/internal/transaction/handler.go:145.2,145.12 1 2
money-manager/internal/transaction/repository.go:20.50,22.2 1 0
money-manager/internal/transaction/repository.go:24.99,29.18 4 0
money-manager/internal/transaction/repository.go:29.18,33.3 3 0
money-manager/internal/transaction/repository.go:34.2,34.24 1 0
money-manager/internal/transaction/repository.go:34.24,38.3 3 0
money-manager/internal/transaction/repository.go:39.2,39.23 1 0
money-manager/internal/transaction/repository.go:39.23,43.3 3 0
money-manager/internal/transaction/repository.go:44.2,44.23 1 0
money-manager/internal/transaction/repository.go:44.23,48.3 3 0
money-manager/internal/transaction/repository.go:49.2,49.21 1 0
money-manager/internal/transaction/repository.go:49.21,53.3 3 0
money-manager/internal/transaction/repository.go:54.2,54.20 1 0
money-manager/internal/transaction/repository.go:54.20,58.3 3 0
money-manager/internal/transaction/repository.go:60.2,64.16 4 0
money-manager/internal/transaction/repository.go:64.16,66.3 1 0
money-manager/internal/transaction/repository.go:68.2,83.9 6 0
money-manager/internal/transaction/repository.go:83.9,85.3 1 0
money-manager/internal/transaction/repository.go:87.2,103.16 5 0
money-manager/internal/transaction/repository.go:103.16,105.3 1 0
money-manager/internal/transaction/repository.go:106.2,109.18 3 0
money-manager/internal/transaction/repository.go:109.18,119.17 5 0
money-manager/internal/transaction/repository.go:119.17,121.4 1 0
money-manager/internal/transaction/repository.go:122.3,122.19 1 0
money-manager/internal/transaction/repository.go:122.19,130.25 2 0
money-manager/internal/transaction/repository.go:130.25,132.5 1 0
money-manager/internal/transaction/repository.go:134.3,134.23 1 0
money-manager/internal/transaction/repository.go:136.2,136.35 1 0
money-manager/internal/transaction/repository.go:136.35,138.3 1 0
money-manager/internal/transaction/repository.go:140.2,145.8 2 0
money-manager/internal/transaction/repository.go:148.92,167.35 6 0
money-manager/internal/transaction/repository.go:167.35,169.3 1 0
money-manager/internal/transaction/repository.go:170.2,170.16 1 0
money-manager/internal/transaction/repository.go:170.16,172.3 1 0
money-manager/internal/transaction/repository.go:173.2,173.18 1 0
money-manager/internal/transaction/repository.go:173.18,175.24 2 0
money-manager/internal/transaction/repository.go:175.24,177.4 1 0
money-manager/internal/transaction/repository.go:179.2,179.15 1 0
money-manager/internal/transaction/repository.go:183.72,185.16 2 0
money-manager/internal/transaction/repository.go:185.16,187.3 1 0
money-manager/internal/transaction/repository.go:188.2,194.24 4 0
money-manager/internal/transaction/repository.go:194.24,196.3 1 0
money-manager/internal/transaction/repository.go:197.2,198.55 1 0
money-manager/internal/transaction/repository.go:198.55,200.3 1 0
money-manager/internal/transaction/repository.go:202.2,202.17 1 0
money-manager/internal/transaction/repository.go:202.17,204.26 2 0
money-manager/internal/transaction/repository.go:204.26,206.4 1 0
money-manager/internal/transaction/repository.go:207.3,209.30 1 0
money-manager/internal/transaction/repository.go:209.30,211.4 1 0
money-manager/internal/transaction/repository.go:214.2,214.23 1 0
money-manager/internal/transaction/repository.go:218.72,220.16 2 0
money-manager/internal/transaction/repository.go:220.16,222.3 1 0
money-manager/internal/transaction/repository.go:223.2,232.35 6 0
money-manager/internal/transaction/repository.go:232.35,234.3 1 0
money-manager/internal/transaction/repository.go:235.2,235.16 1 0
money-manager/internal/transaction/repository.go:235.16,237.3 1 0
money-manager/internal/transaction/repository.go:240.2,240.21 1 0
money-manager/internal/transaction/repository.go:240.21,242.27 2 0
money-manager/internal/transaction/repository.go:242.27,244.4 1 0
money-manager/internal/transaction/repository.go:245.3,247.37 1 0
money-manager/internal/transaction/repository.go:247.37,249.4 1 0
money-manager/internal/transaction/repository.go:253.2,254.24 2 0
money-manager/internal/transaction/repository.go:254.24,256.3 1 0
money-manager/internal/transaction/repository.go:257.2,263.35 2 0
money-manager/internal/transaction/repository.go:263.35,265.3 1 0
money-manager/internal/transaction/repository.go:268.2,268.20 1 0
money-manager/internal/transaction/repository.go:268.20,270.26 2 0
money-manager/internal/transaction/repository.go:270.26,272.4 1 0
money-manager/internal/transaction/repository.go:273.3,275.33 1 0
money-manager/internal/transaction/repository.go:275.33,277.4 1 0
money-manager/internal/transaction/repository.go:280.2,280.23 1 0
money-manager/internal/transaction/repository.go:284.75,286.16 2 0
money-manager/internal/transaction/repository.go:286.16,288.3 1 0
money-manager/internal/transaction/repository.go:289.2,297.35 6 0
money-manager/internal/transaction/repository.go:297.35,299.3 1 0
money-manager/internal/transaction/repository.go:300.2,300.16 1 0
money-manager/internal/transaction/repository.go:300.16,302.3 1 0
money-manager/internal/transaction/repository.go:304.2,304.18 1 0
money-manager/internal/transaction/repository.go:304.18,306.26 2 0
money-manager/internal/transaction/repository.go:306.26,308.4 1 0
money-manager/internal/transaction/repository.go:309.3,311.31 1 0
money-manager/internal/transaction/repository.go:311.31,313.4 1 0
money-manager/internal/transaction/repository.go:316.2,316.23 1 0
money-manager/internal/transaction/repository.go:319.120,324.18 4 0
money-manager/internal/transaction/repository.go:324.18,327.3 2 0
money-manager/internal/transaction/repository.go:329.2,338.16 3 0
money-manager/internal/transaction/repository.go:338.16,340.3 1 0
money-manager/internal/transaction/repository.go:341.2,344.18 3 0
money-manager/internal/transaction/repository.go:344.18,347.51 2 0
money-manager/internal/transaction/repository.go:347.51,349.4 1 0
money-manager/internal/transaction/repository.go:350.3,350.23 1 0
money-manager/internal/transaction/repository.go:352.2,352.24 1 0
money-manager/internal/transaction/service.go:21.54,23.2 1 40
money-manager/internal/transaction/service.go:25.96,26.16 1 5
money-manager/internal/transaction/service.go:26.16,28.3 1 3
money-manager/internal/transaction/service.go:29.2,29.34 1 5
money-manager/internal/transaction/service.go:29.34,31.3 1 3
money-manager/internal/transaction/service.go:32.2,32.36 1 5
money-manager/internal/transaction/service.go:35.89,37.16 2 6
money-manager/internal/transaction/service.go:37.16,39.3 1 2
money-manager/internal/transaction/service.go:40.2,40.14 1 4
money-manager/internal/transaction/service.go:40.14,42.3 1 2
money-manager/internal/transaction/service.go:43.2,43.15 1 2
money-manager/internal/transaction/service.go:46.104,47.90 1 11
money-manager/internal/transaction/service.go:47.90,49.3 1 6
money-manager/internal/transaction/service.go:51.2,52.25 2 5
money-manager/internal/transaction/service.go:52.25,54.3 1 1
money-manager/internal/transaction/service.go:56.2,66.46 2 5
money-manager/internal/transaction/service.go:66.46,68.3 1 1
money-manager/internal/transaction/service.go:70.2,70.42 1 4
money-manager/internal/transaction/service.go:73.108,74.90 1 7
money-manager/internal/transaction/service.go:74.90,76.3 1 2
money-manager/internal/transaction/service.go:78.2,79.25 2 5
money-manager/internal/transaction/service.go:79.25,81.3 1 1
money-manager/internal/transaction/service.go:83.2,94.46 2 5
money-manager/internal/transaction/service.go:94.46,96.3 1 2
money-manager/internal/transaction/service.go:98.2,98.40 1 3
money-manager/internal/transaction/service.go:101.72,103.2 1 3
money-manager/internal/transaction/service.go:105.117,106.38 1 6
money-manager/internal/transaction/service.go:106.38,108.3 1 3
money-manager/internal/transaction/service.go:109.2,109.66 1 3
money-manager/internal/transaction/service.go:112.97,113.22 1 18
money-manager/internal/transaction/service.go:113.22,115.3 1 4
money-manager/internal/transaction/service.go:116.2,116.47 1 14
money-manager/internal/transaction/service.go:116.47,118.3 1 1
money-manager/internal/transaction/service.go:119.2,119.17 1 13
money-manager/internal/transaction/service.go:119.17,121.3 1 2
money-manager/internal/transaction/service.go:122.2,122.16 1 11
money-manager/internal/transaction/service.go:122.16,124.3 1 1
money-manager/internal/transaction/service.go:125.2,125.12 1 10
money-manager/internal/testutil/db.go:12.46,15.17 3 0
money-manager/internal/testutil/db.go:15.17,17.3 1 0
money-manager/internal/testutil/db.go:18.2,19.16 2 0
money-manager/internal/testutil/db.go:19.16,21.3 1 0
money-manager/internal/testutil/db.go:22.2,22.19 1 0
money-manager/internal/testutil/db.go:22.19,22.35 1 0
money-manager/internal/testutil/db.go:23.2,23.13 1 0
money-manager/internal/testutil/db.go:27.65,30.2 2 0
money-manager/pkg/database/postgres.go:10.49,12.16 2 0
money-manager/pkg/database/postgres.go:12.16,14.3 1 0
money-manager/pkg/database/postgres.go:16.2,17.16 2 0
money-manager/pkg/database/postgres.go:17.16,19.3 1 0
money-manager/pkg/database/postgres.go:21.2,21.56 1 0
money-manager/pkg/database/postgres.go:21.56,23.3 1 0
money-manager/pkg/database/postgres.go:25.2,25.18 1 0
money-manager/internal/auth/handler.go:15.40,17.2 1 13
money-manager/internal/auth/handler.go:19.68,21.61 2 4
money-manager/internal/auth/handler.go:21.61,24.3 2 1
money-manager/internal/auth/handler.go:26.2,27.16 2 3
money-manager/internal/auth/handler.go:27.16,28.58 1 2
money-manager/internal/auth/handler.go:28.58,31.4 2 1
money-manager/internal/auth/handler.go:32.3,33.9 2 1
money-manager/internal/auth/handler.go:36.2,36.43 1 1
money-manager/internal/auth/handler.go:39.65,41.61 2 3
money-manager/internal/auth/handler.go:41.61,44.3 2 1
money-manager/internal/auth/handler.go:46.2,47.16 2 2
money-manager/internal/auth/handler.go:47.16,50.3 2 2
money-manager/internal/auth/handler.go:52.2,52.38 1 0
money-manager/internal/auth/handler.go:55.67,57.61 2 3
money-manager/internal/auth/handler.go:57.61,60.3 2 1
money-manager/internal/auth/handler.go:62.2,63.16 2 2
money-manager/internal/auth/handler.go:63.16,66.3 2 1
money-manager/internal/auth/handler.go:68.2,68.38 1 1
money-manager/internal/auth/handler.go:71.66,73.61 2 3
money-manager/internal/auth/handler.go:73.61,76.3 2 1
money-manager/internal/auth/handler.go:78.2,78.68 1 2
money-manager/internal/auth/handler.go:78.68,81.3 2 1
money-manager/internal/auth/handler.go:83.2,83.63 1 1
money-manager/internal/auth/repository.go:16.50,18.2 1 0
money-manager/internal/auth/repository.go:20.69,26.2 2 0
money-manager/internal/auth/repository.go:28.87,35.35 4 0
money-manager/internal/auth/repository.go:35.35,37.3 1 0
money-manager/internal/auth/repository.go:38.2,38.15 1 0
money-manager/internal/auth/repository.go:41.81,48.35 4 0
money-manager/internal/auth/repository.go:48.35,50.3 1 0
money-manager/internal/auth/repository.go:51.2,51.15 1 0
money-manager/internal/auth/repository.go:54.113,58.2 3 0
money-manager/internal/auth/repository.go:60.104,65.35 5 0
money-manager/internal/auth/repository.go:65.35,67.3 1 0
money-manager/internal/auth/repository.go:68.2,68.31 1 0
money-manager/internal/auth/repository.go:71.86,74.2 2 0
money-manager/internal/auth/repository.go:76.69,79.2 2 0
money-manager/internal/auth/service.go:29.102,36.2 1 40
money-manager/internal/auth/service.go:38.94,41.61 2 15
money-manager/internal/auth/service.go:41.61,43.3 1 3
money-manager/internal/auth/service.go:44.2,44.27 1 12
money-manager/internal/auth/service.go:44.27,46.3 1 2
money-manager/internal/auth/service.go:48.2,49.16 2 10
money-manager/internal/auth/service.go:49.16,51.3 1 1
money-manager/internal/auth/service.go:52.2,52.21 1 9
money-manager/internal/auth/service.go:52.21,54.3 1 2
money-manager/internal/auth/service.go:56.2,57.16 2 7
money-manager/internal/auth/service.go:57.16,59.3 1 0
money-manager/internal/auth/service.go:61.2,62.20 2 7
money-manager/internal/auth/service.go:62.20,64.3 1 7
money-manager/internal/auth/service.go:66.2,73.53 2 7
money-manager/internal/auth/service.go:73.53,75.3 1 1
money-manager/internal/auth/service.go:77.2,77.42 1 6
money-manager/internal/auth/service.go:80.88,84.16 3 7
money-manager/internal/auth/service.go:84.16,86.3 1 1
money-manager/internal/auth/service.go:87.2,87.17 1 6
money-manager/internal/auth/service.go:87.17,89.3 1 3
money-manager/internal/auth/service.go:91.2,91.103 1 3
money-manager/internal/auth/service.go:91.103,93.3 1 2
money-manager/internal/auth/service.go:95.2,95.42 1 1
money-manager/internal/auth/service.go:98.93,100.16 2 10
money-manager/internal/auth/service.go:100.16,102.3 1 2
money-manager/internal/auth/service.go:104.2,104.50 1 8
money-manager/internal/auth/service.go:104.50,106.3 1 1
money-manager/internal/auth/service.go:108.2,110.16 3 7
money-manager/internal/auth/service.go:110.16,112.3 1 1
money-manager/internal/auth/service.go:113.2,113.50 1 6
money-manager/internal/auth/service.go:113.50,115.3 1 2
money-manager/internal/auth/service.go:117.2,117.66 1 4
money-manager/internal/auth/service.go:117.66,119.3 1 1
money-manager/internal/auth/service.go:121.2,122.16 2 3
money-manager/internal/auth/service.go:122.16,124.3 1 0
money-manager/internal/auth/service.go:126.2,127.105 2 3
money-manager/internal/auth/service.go:127.105,129.3 1 1
money-manager/internal/auth/service.go:131.2,131.92 1 2
money-manager/internal/auth/service.go:134.74,137.2 2 4
money-manager/internal/auth/service.go:139.96,141.16 2 7
money-manager/internal/auth/service.go:141.16,143.3 1 0
money-manager/internal/auth/service.go:145.2,146.108 2 7
money-manager/internal/auth/service.go:146.108,148.3 1 1
money-manager/internal/auth/service.go:150.2,150.103 1 6
